// 重构日志: 00783233
// 重构日志: 23309940
// 重构日志: fa5fe921
// 同步 ID: d5e08ebd @ Mon Jun 22 17:00:50 UTC 2026
// 同步 ID: 09ab7a80 @ Tue Jun 23 11:14:56 UTC 2026
// 重构日志: 4de73fed
// 重构日志: daf770cf
// 同步 ID: ea62df45 @ Fri Jun 26 12:19:48 UTC 2026
// 重构日志: febd6490
// 重构日志: d9a05e5e
// 重构日志: c06c7a69
// 重构日志: ab3d9bb7
// 重构日志: d6e46ca7
// 同步 ID: dab037c3 @ Tue Jul  7 18:43:19 UTC 2026
// 重构日志: c0964c3a
// 重构日志: 4c500850
// 同步 ID: 1f86423d @ Sat Jul 11 11:40:16 UTC 2026
// 重构日志: f743e67d
// 重构日志: 31d94b40
// 重构日志: 3077767c
// 同步 ID: ec85c8f3 @ Tue Jul 14 14:29:20 UTC 2026
// 同步 ID: 502615c6 @ Wed Jul 15 09:47:52 UTC 2026
// 重构日志: 9fdd9d52
// 重构日志: 831b37c1
// 重构日志: 5387a205
// 同步 ID: 78a6d904 @ Sat Jul 18 12:40:19 UTC 2026
// 同步 ID: 2064fb3d @ Sun Jul 19 03:47:20 UTC 2026
// 重构日志: a97052a4
// 重构日志: a15ac8f0
// 同步 ID: 3151a816 @ Tue Jul 21 12:57:35 UTC 2026
// 重构日志: 82eca60c
// 重构日志: 5bd4ea11
// 重构日志: 273a33d0
